% mean class accuracy (train set)	
 2.1020e+01	
 5.0686e+01	
 6.4411e+01	
 7.2635e+01	
 7.8516e+01	
 8.2211e+01	
 8.5146e+01	
 8.7870e+01	
 8.9295e+01	
 9.1565e+01	
 9.3613e+01	
 9.3539e+01	
 9.4542e+01	
 9.4785e+01	
 9.6210e+01	
 9.7318e+01	
 9.7350e+01	
 9.7751e+01	
 9.7867e+01	
 9.8438e+01	
 9.8701e+01	
 9.8828e+01	
 9.8796e+01	
 9.9145e+01	
 9.9240e+01	
 9.9409e+01	
 9.9356e+01	
 9.9219e+01	
 9.9388e+01	
 9.9630e+01	
 9.9704e+01	
 9.9630e+01	
 9.9799e+01	
 9.9367e+01	
 9.9884e+01	
 9.9588e+01	
 9.9778e+01	
 9.9736e+01	
 9.9852e+01	
 9.9947e+01	
 9.9768e+01	
 9.9873e+01	
 9.9989e+01	
 9.9894e+01	
 9.9926e+01	
 9.9947e+01	
 9.9863e+01	
 9.9884e+01	
 9.9894e+01	
 9.9958e+01	
 9.9916e+01	
 9.9968e+01	
 9.9926e+01	
 9.9968e+01	
 9.9989e+01	
 9.9979e+01	
 9.9958e+01	
 9.9979e+01	
 9.9979e+01	
 1.0000e+02	
 9.9989e+01	
 9.9979e+01	
 9.9958e+01	
 9.9968e+01	
 1.0000e+02	
 1.0000e+02	
 1.0000e+02	
 1.0000e+02	
 1.0000e+02	
 1.0000e+02	
 1.0000e+02	
 1.0000e+02	
 1.0000e+02	
 1.0000e+02	
 1.0000e+02	
 1.0000e+02	
 1.0000e+02	
 1.0000e+02	
 1.0000e+02	
 1.0000e+02	
 1.0000e+02	
 9.9989e+01	
 1.0000e+02	
 1.0000e+02	
 1.0000e+02	
 1.0000e+02	
 1.0000e+02	
 1.0000e+02	
 1.0000e+02	
 1.0000e+02	
 1.0000e+02	
 1.0000e+02	
 9.9989e+01	
 1.0000e+02	
 9.9989e+01	
 1.0000e+02	
 1.0000e+02	
 1.0000e+02	
 9.9989e+01	
 1.0000e+02	
 1.0000e+02	
 9.9989e+01	
 1.0000e+02	
 1.0000e+02	
 1.0000e+02	
 1.0000e+02	
 1.0000e+02	
 1.0000e+02	
 1.0000e+02	
 9.9989e+01	
 1.0000e+02	
 1.0000e+02	
 1.0000e+02	
 1.0000e+02	
 1.0000e+02	
 1.0000e+02	
 9.9989e+01	
 1.0000e+02	
 1.0000e+02	
 1.0000e+02	
 1.0000e+02	
 1.0000e+02	
 1.0000e+02	
 1.0000e+02	
 1.0000e+02	
 1.0000e+02	
 1.0000e+02	
 1.0000e+02	
 1.0000e+02	
 1.0000e+02	
 1.0000e+02	
 1.0000e+02	
 1.0000e+02	
 1.0000e+02	
 9.9989e+01	
