% mean class accuracy (train set)	
 2.6087e+01	
 5.2872e+01	
 6.2701e+01	
 6.9573e+01	
 7.4926e+01	
 7.8590e+01	
 8.1577e+01	
 8.4101e+01	
 8.5568e+01	
 8.6951e+01	
 8.9400e+01	
 9.0224e+01	
 9.1237e+01	
 9.2568e+01	
 9.3666e+01	
 9.4542e+01	
 9.5323e+01	
 9.5576e+01	
 9.5946e+01	
 9.6738e+01	
 9.7181e+01	
 9.7593e+01	
 9.7783e+01	
 9.7857e+01	
 9.8174e+01	
 9.8870e+01	
 9.8649e+01	
 9.9113e+01	
 9.9229e+01	
 9.9103e+01	
 9.9250e+01	
 9.9282e+01	
 9.9546e+01	
 9.9493e+01	
 9.9472e+01	
 9.9535e+01	
 9.9641e+01	
 9.9683e+01	
 9.9736e+01	
 9.9736e+01	
 9.9757e+01	
 9.9831e+01	
 9.9873e+01	
 9.9842e+01	
 9.9894e+01	
 9.9884e+01	
 9.9726e+01	
 9.9916e+01	
 9.9905e+01	
 9.9947e+01	
 9.9937e+01	
 9.9937e+01	
 9.9937e+01	
 9.9926e+01	
 9.9968e+01	
 9.9937e+01	
 9.9926e+01	
 9.9905e+01	
 9.9958e+01	
 9.9968e+01	
 9.9979e+01	
 9.9968e+01	
 9.9989e+01	
 9.9989e+01	
 9.9958e+01	
 9.9989e+01	
 9.9979e+01	
 9.9989e+01	
 9.9979e+01	
 9.9947e+01	
 1.0000e+02	
 1.0000e+02	
 1.0000e+02	
 1.0000e+02	
 1.0000e+02	
 9.9989e+01	
 9.9989e+01	
 9.9989e+01	
 9.9979e+01	
 9.9989e+01	
 1.0000e+02	
 9.9989e+01	
 9.9989e+01	
 9.9989e+01	
 9.9989e+01	
 9.9989e+01	
 1.0000e+02	
 1.0000e+02	
 1.0000e+02	
 9.9989e+01	
 1.0000e+02	
 9.9989e+01	
 1.0000e+02	
 9.9989e+01	
 1.0000e+02	
 1.0000e+02	
 1.0000e+02	
 1.0000e+02	
 9.9989e+01	
 1.0000e+02	
 9.9989e+01	
 9.9989e+01	
 1.0000e+02	
 1.0000e+02	
 1.0000e+02	
 9.9979e+01	
 9.9989e+01	
 9.9989e+01	
 9.9989e+01	
 1.0000e+02	
 1.0000e+02	
 1.0000e+02	
 9.9989e+01	
 1.0000e+02	
 1.0000e+02	
 1.0000e+02	
 9.9989e+01	
 1.0000e+02	
 1.0000e+02	
 1.0000e+02	
 1.0000e+02	
 1.0000e+02	
 1.0000e+02	
 9.9979e+01	
 1.0000e+02	
 1.0000e+02	
 1.0000e+02	
 1.0000e+02	
 9.9989e+01	
 9.9989e+01	
 9.9979e+01	
 9.9989e+01	
 1.0000e+02	
 1.0000e+02	
 1.0000e+02	
 1.0000e+02	
 1.0000e+02	
 9.9989e+01	
 9.9979e+01	
 1.0000e+02	
 1.0000e+02	
 1.0000e+02	
 9.9989e+01	
 1.0000e+02	
 1.0000e+02	
 9.9979e+01	
 1.0000e+02	
 9.9989e+01	
 1.0000e+02	
 1.0000e+02	
 9.9979e+01	
 1.0000e+02	
 1.0000e+02	
 1.0000e+02	
 1.0000e+02	
 1.0000e+02	
 1.0000e+02	
 9.9989e+01	
 1.0000e+02	
 1.0000e+02	
 1.0000e+02	
 9.9989e+01	
 9.9989e+01	
 1.0000e+02	
 9.9989e+01	
 1.0000e+02	
 1.0000e+02	
 9.9989e+01	
 1.0000e+02	
 9.9989e+01	
 1.0000e+02	
 1.0000e+02	
 9.9989e+01	
 9.9989e+01	
 9.9989e+01	
 1.0000e+02	
 9.9979e+01	
 1.0000e+02	
 1.0000e+02	
 1.0000e+02	
 1.0000e+02	
 1.0000e+02	
 1.0000e+02	
 1.0000e+02	
 1.0000e+02	
 1.0000e+02	
 9.9989e+01	
 1.0000e+02	
 1.0000e+02	
 9.9979e+01	
 1.0000e+02	
 1.0000e+02	
 1.0000e+02	
 1.0000e+02	
 1.0000e+02	
 1.0000e+02	
 1.0000e+02	
 1.0000e+02	
 1.0000e+02	
 1.0000e+02	
 1.0000e+02	
 1.0000e+02	
 1.0000e+02	
 9.9989e+01	
 9.9989e+01	
 9.9989e+01	
 9.9989e+01	
 1.0000e+02	
 1.0000e+02	
 1.0000e+02	
 1.0000e+02	
 1.0000e+02	
 9.9989e+01	
 1.0000e+02	
 1.0000e+02	
 1.0000e+02	
 1.0000e+02	
 1.0000e+02	
 9.9989e+01	
 9.9989e+01	
 9.9989e+01	
 9.9989e+01	
 1.0000e+02	
 9.9979e+01	
 1.0000e+02	
 9.9989e+01	
 9.9979e+01	
 1.0000e+02	
 9.9979e+01	
 1.0000e+02	
 1.0000e+02	
 9.9989e+01	
 1.0000e+02	
 1.0000e+02	
 9.9989e+01	
 1.0000e+02	
 1.0000e+02	
 9.9989e+01	
 9.9989e+01	
 1.0000e+02	
 9.9989e+01	
 1.0000e+02	
 9.9989e+01	
 1.0000e+02	
 1.0000e+02	
 9.9989e+01	
 9.9989e+01	
 1.0000e+02	
 9.9989e+01	
 1.0000e+02	
 1.0000e+02	
 1.0000e+02	
 1.0000e+02	
 1.0000e+02	
 1.0000e+02	
 9.9989e+01	
 1.0000e+02	
 1.0000e+02	
 1.0000e+02	
 1.0000e+02	
 9.9989e+01	
 1.0000e+02	
 1.0000e+02	
 1.0000e+02	
 1.0000e+02	
 1.0000e+02	
 1.0000e+02	
 9.9989e+01	
 1.0000e+02	
 1.0000e+02	
 1.0000e+02	
 1.0000e+02	
 9.9989e+01	
 1.0000e+02	
 1.0000e+02	
 1.0000e+02	
 1.0000e+02	
 9.9979e+01	
 9.9989e+01	
 1.0000e+02	
 9.9989e+01	
 1.0000e+02	
 1.0000e+02	
 1.0000e+02	
 1.0000e+02	
 1.0000e+02	
 1.0000e+02	
 1.0000e+02	
 1.0000e+02	
 1.0000e+02	
 1.0000e+02	
 9.9989e+01	
 1.0000e+02	
 9.9989e+01	
 9.9989e+01	
 1.0000e+02	
 9.9989e+01	
 1.0000e+02	
 9.9979e+01	
 9.9989e+01	
 1.0000e+02	
 1.0000e+02	
 9.9979e+01	
 9.9989e+01	
 9.9989e+01	
 1.0000e+02	
 9.9989e+01	
 1.0000e+02	
 1.0000e+02	
 9.9979e+01	
 1.0000e+02	
 1.0000e+02	
 1.0000e+02	
 1.0000e+02	
 1.0000e+02	
 9.9989e+01	
 1.0000e+02	
 1.0000e+02	
 1.0000e+02	
 9.9989e+01	
 1.0000e+02	
 1.0000e+02	
 9.9989e+01	
 1.0000e+02	
 1.0000e+02	
 1.0000e+02	
 1.0000e+02	
 9.9989e+01	
 1.0000e+02	
 9.9989e+01	
 9.9979e+01	
 9.9989e+01	
 9.9989e+01	
 1.0000e+02	
 1.0000e+02	
 1.0000e+02	
 9.9989e+01	
 9.9979e+01	
 1.0000e+02	
 9.9989e+01	
 1.0000e+02	
 9.9989e+01	
 9.9979e+01	
 9.9968e+01	
 1.0000e+02	
 1.0000e+02	
 1.0000e+02	
 1.0000e+02	
 1.0000e+02	
 1.0000e+02	
 9.9989e+01	
 1.0000e+02	
 1.0000e+02	
 1.0000e+02	
 9.9989e+01	
 1.0000e+02	
 1.0000e+02	
 1.0000e+02	
 9.9989e+01	
 1.0000e+02	
 9.9989e+01	
 1.0000e+02	
 1.0000e+02	
 9.9989e+01	
 1.0000e+02	
 1.0000e+02	
 1.0000e+02	
 1.0000e+02	
 9.9989e+01	
 1.0000e+02	
 9.9989e+01	
 9.9989e+01	
 1.0000e+02	
 1.0000e+02	
 1.0000e+02	
 1.0000e+02	
 9.9979e+01	
 1.0000e+02	
 9.9989e+01	
 1.0000e+02	
 1.0000e+02	
 9.9989e+01	
 1.0000e+02	
 9.9989e+01	
 9.9989e+01	
 1.0000e+02	
 1.0000e+02	
 1.0000e+02	
 9.9989e+01	
 1.0000e+02	
 9.9989e+01	
 9.9989e+01	
 9.9989e+01	
 1.0000e+02	
 1.0000e+02	
 1.0000e+02	
 1.0000e+02	
 9.9989e+01	
 1.0000e+02	
 9.9989e+01	
 1.0000e+02	
 9.9989e+01	
 9.9989e+01	
 1.0000e+02	
 1.0000e+02	
 1.0000e+02	
 1.0000e+02	
 1.0000e+02	
 9.9989e+01	
 9.9989e+01	
 1.0000e+02	
 9.9989e+01	
 1.0000e+02	
 1.0000e+02	
 9.9979e+01	
 9.9989e+01	
 1.0000e+02	
 9.9989e+01	
 1.0000e+02	
 1.0000e+02	
 1.0000e+02	
 9.9989e+01	
 9.9989e+01	
 1.0000e+02	
 9.9989e+01	
 1.0000e+02	
 1.0000e+02	
 1.0000e+02	
 1.0000e+02	
 9.9989e+01	
 9.9989e+01	
 1.0000e+02	
 1.0000e+02	
 1.0000e+02	
 1.0000e+02	
 1.0000e+02	
 9.9989e+01	
 9.9968e+01	
 1.0000e+02	
 1.0000e+02	
 9.9989e+01	
 9.9989e+01	
 1.0000e+02	
 9.9979e+01	
 1.0000e+02	
 9.9989e+01	
 1.0000e+02	
 1.0000e+02	
 1.0000e+02	
 1.0000e+02	
 1.0000e+02	
 1.0000e+02	
 1.0000e+02	
 1.0000e+02	
 9.9989e+01	
 9.9989e+01	
 1.0000e+02	
 1.0000e+02	
 1.0000e+02	
 9.9989e+01	
