 1.8571e+01	
 4.7128e+01	
 6.0367e+01	
 6.7209e+01	
 7.2677e+01	
 7.6330e+01	
 7.9054e+01	
 8.1577e+01	
 8.4185e+01	
 8.5198e+01	
 8.6919e+01	
 8.8640e+01	
 8.9823e+01	
 8.9411e+01	
 9.1142e+01	
 9.2494e+01	
 9.3380e+01	
 9.3655e+01	
 9.4415e+01	
 9.4848e+01	
 9.5872e+01	
 9.6410e+01	
 9.6052e+01	
 9.6601e+01	
 9.7033e+01	
 9.7350e+01	
 9.7445e+01	
 9.7530e+01	
 9.7867e+01	
 9.7804e+01	
 9.8406e+01	
 9.8374e+01	
 9.8469e+01	
 9.8754e+01	
 9.8712e+01	
 9.8765e+01	
 9.8807e+01	
 9.8965e+01	
 9.9187e+01	
 9.9039e+01	
 9.9303e+01	
 9.9145e+01	
 9.9198e+01	
 9.9430e+01	
 9.9462e+01	
 9.9483e+01	
 9.9440e+01	
 9.9514e+01	
 9.9504e+01	
 9.9641e+01	
 9.9704e+01	
 9.9609e+01	
 9.9768e+01	
 9.9747e+01	
 9.9694e+01	
 9.9641e+01	
 9.9747e+01	
 9.9662e+01	
 9.9673e+01	
 9.9799e+01	
 9.9810e+01	
 9.9863e+01	
 9.9757e+01	
 9.9821e+01	
 9.9778e+01	
 9.9821e+01	
 9.9789e+01	
 9.9873e+01	
 9.9810e+01	
 9.9799e+01	
 9.9810e+01	
 9.9831e+01	
 9.9799e+01	
 9.9852e+01	
 9.9905e+01	
 9.9842e+01	
 9.9905e+01	
 9.9821e+01	
 9.9947e+01	
 9.9884e+01	
 9.9884e+01	
 9.9821e+01	
 9.9863e+01	
 9.9842e+01	
 9.9873e+01	
 9.9863e+01	
 9.9894e+01	
 9.9863e+01	
 9.9852e+01	
 9.9884e+01	
 9.9916e+01	
 9.9926e+01	
 9.9937e+01	
 9.9905e+01	
 9.9831e+01	
 9.9916e+01	
 9.9937e+01	
 9.9873e+01	
 9.9947e+01	
 9.9926e+01	
 9.9916e+01	
 9.9916e+01	
 9.9852e+01	
 9.9863e+01	
 9.9926e+01	
 9.9884e+01	
 9.9926e+01	
 9.9884e+01	
 9.9842e+01	
 9.9905e+01	
 9.9926e+01	
 9.9905e+01	
 9.9905e+01	
 9.9884e+01	
 9.9926e+01	
 9.9905e+01	
 9.9937e+01	
 9.9937e+01	
 9.9916e+01	
 9.9937e+01	
 9.9873e+01	
 9.9968e+01	
 9.9905e+01	
 9.9968e+01	
 9.9905e+01	
 9.9916e+01	
 9.9916e+01	
 9.9916e+01	
 9.9968e+01	
 9.9958e+01	
 9.9884e+01	
 9.9916e+01	
 9.9863e+01	
 9.9905e+01	
 9.9979e+01	
 9.9926e+01	
 9.9916e+01	
 9.9958e+01	
 9.9905e+01	
 9.9905e+01	
 9.9947e+01	
 9.9905e+01	
 9.9894e+01	
 9.9905e+01	
 9.9968e+01	
 9.9916e+01	
 9.9947e+01	
 9.9916e+01	
 9.9894e+01	
 9.9947e+01	
 9.9873e+01	
 9.9926e+01	
 9.9947e+01	
 9.9894e+01	
