 1.5065e+01	
 4.0773e+01	
 5.6514e+01	
 6.5794e+01	
 7.4504e+01	
 7.8642e+01	
 8.2401e+01	
 8.4470e+01	
 8.7109e+01	
 8.9200e+01	
 9.1839e+01	
 9.2927e+01	
 9.3634e+01	
 9.4405e+01	
 9.5481e+01	
 9.6052e+01	
 9.6843e+01	
 9.7456e+01	
 9.7350e+01	
 9.7952e+01	
 9.7952e+01	
 9.8575e+01	
 9.8638e+01	
 9.8870e+01	
 9.8723e+01	
 9.9588e+01	
 9.9229e+01	
 9.9398e+01	
 9.9166e+01	
 9.9630e+01	
 9.9472e+01	
 9.9430e+01	
 9.8965e+01	
 9.9578e+01	
 9.9683e+01	
 9.9652e+01	
 9.9715e+01	
 9.9863e+01	
 9.9208e+01	
 9.9757e+01	
 9.9842e+01	
 9.9694e+01	
 9.9884e+01	
 9.9736e+01	
 9.9905e+01	
 9.9916e+01	
 9.9704e+01	
 9.9768e+01	
 9.9958e+01	
 9.9958e+01	
 9.9937e+01	
 9.9873e+01	
 9.9979e+01	
 9.9989e+01	
 9.9989e+01	
 9.9937e+01	
 9.9937e+01	
 9.9958e+01	
 9.9916e+01	
 9.9989e+01	
 1.0000e+02	
 9.9937e+01	
 9.9989e+01	
 9.9968e+01	
 1.0000e+02	
 9.9989e+01	
 1.0000e+02	
 9.9958e+01	
 9.9979e+01	
 9.9979e+01	
 1.0000e+02	
 1.0000e+02	
 9.9989e+01	
 1.0000e+02	
 9.9979e+01	
 9.9968e+01	
 9.9968e+01	
 1.0000e+02	
 9.9989e+01	
 1.0000e+02	
 9.9979e+01	
 1.0000e+02	
 1.0000e+02	
 1.0000e+02	
 1.0000e+02	
 1.0000e+02	
 1.0000e+02	
 1.0000e+02	
 1.0000e+02	
 9.9989e+01	
 1.0000e+02	
 1.0000e+02	
 1.0000e+02	
 9.9979e+01	
 1.0000e+02	
 1.0000e+02	
 1.0000e+02	
 1.0000e+02	
 1.0000e+02	
 1.0000e+02	
 1.0000e+02	
 1.0000e+02	
 1.0000e+02	
 1.0000e+02	
 1.0000e+02	
 1.0000e+02	
 1.0000e+02	
 1.0000e+02	
 1.0000e+02	
 1.0000e+02	
 1.0000e+02	
 1.0000e+02	
 1.0000e+02	
 1.0000e+02	
 1.0000e+02	
 1.0000e+02	
 1.0000e+02	
 9.9989e+01	
 1.0000e+02	
 1.0000e+02	
 1.0000e+02	
 1.0000e+02	
 1.0000e+02	
 1.0000e+02	
 1.0000e+02	
 1.0000e+02	
 1.0000e+02	
 1.0000e+02	
 9.9989e+01	
 1.0000e+02	
 1.0000e+02	
 1.0000e+02	
 1.0000e+02	
 1.0000e+02	
 1.0000e+02	
 1.0000e+02	
 9.9989e+01	
 1.0000e+02	
