 9.8290e+00	
 3.1767e+01	
 4.5576e+01	
 5.3083e+01	
 5.8488e+01	
 6.3471e+01	
 6.5435e+01	
 6.8687e+01	
 7.1315e+01	
 7.2709e+01	
 7.4704e+01	
 7.6953e+01	
 7.8568e+01	
 7.9434e+01	
 8.0574e+01	
 8.2158e+01	
 8.3108e+01	
 8.4238e+01	
 8.4850e+01	
 8.6022e+01	
 8.6613e+01	
 8.7268e+01	
 8.8028e+01	
 8.8872e+01	
 8.9305e+01	
 8.9960e+01	
 9.0139e+01	
 9.0720e+01	
 9.0815e+01	
 9.2219e+01	
 9.2726e+01	
 9.2536e+01	
 9.3064e+01	
 9.3549e+01	
 9.3486e+01	
 9.3708e+01	
 9.4141e+01	
 9.4215e+01	
 9.4605e+01	
 9.4668e+01	
 9.5397e+01	
 9.5450e+01	
 9.5503e+01	
 9.6199e+01	
 9.5619e+01	
 9.5999e+01	
 9.6463e+01	
 9.6284e+01	
 9.6220e+01	
 9.6674e+01	
 9.6938e+01	
 9.7033e+01	
 9.7181e+01	
 9.7477e+01	
 9.7340e+01	
 9.7551e+01	
 9.7287e+01	
 9.7192e+01	
 9.7477e+01	
 9.7751e+01	
 9.7730e+01	
 9.7931e+01	
 9.7952e+01	
 9.7889e+01	
 9.7804e+01	
 9.8036e+01	
 9.7994e+01	
 9.8163e+01	
 9.8121e+01	
 9.8406e+01	
 9.8480e+01	
 9.8522e+01	
 9.8638e+01	
 9.8522e+01	
 9.8533e+01	
 9.8533e+01	
 9.8659e+01	
 9.8691e+01	
 9.8796e+01	
 9.8744e+01	
 9.8870e+01	
 9.8796e+01	
 9.8944e+01	
 9.9155e+01	
 9.9050e+01	
 9.8860e+01	
 9.8733e+01	
 9.8860e+01	
 9.8881e+01	
 9.9082e+01	
 9.9103e+01	
 9.9166e+01	
 9.9039e+01	
 9.8934e+01	
 9.8934e+01	
 9.9145e+01	
 9.9219e+01	
 9.9166e+01	
 9.9039e+01	
 9.9303e+01	
 9.9177e+01	
 9.9198e+01	
 9.9261e+01	
 9.9187e+01	
 9.9367e+01	
 9.9103e+01	
 9.9187e+01	
 9.9261e+01	
 9.9282e+01	
 9.9535e+01	
 9.9124e+01	
 9.9409e+01	
 9.9335e+01	
 9.9409e+01	
 9.9367e+01	
 9.9198e+01	
 9.9377e+01	
 9.9367e+01	
 9.9557e+01	
 9.9462e+01	
 9.9409e+01	
 9.9367e+01	
 9.9409e+01	
 9.9504e+01	
 9.9472e+01	
 9.9567e+01	
 9.9483e+01	
 9.9504e+01	
 9.9324e+01	
 9.9451e+01	
 9.9345e+01	
 9.9356e+01	
 9.9483e+01	
 9.9388e+01	
 9.9409e+01	
 9.9493e+01	
 9.9472e+01	
 9.9525e+01	
 9.9599e+01	
 9.9409e+01	
 9.9525e+01	
 9.9472e+01	
 9.9462e+01	
 9.9356e+01	
 9.9483e+01	
 9.9578e+01	
 9.9578e+01	
 9.9609e+01	
 9.9641e+01	
 9.9514e+01	
 9.9514e+01	
 9.9609e+01	
 9.9578e+01	
 9.9514e+01	
 9.9535e+01	
 9.9630e+01	
 9.9557e+01	
 9.9641e+01	
 9.9483e+01	
 9.9504e+01	
 9.9673e+01	
 9.9546e+01	
 9.9630e+01	
 9.9673e+01	
 9.9630e+01	
 9.9673e+01	
 9.9620e+01	
 9.9546e+01	
 9.9694e+01	
 9.9673e+01	
 9.9599e+01	
 9.9514e+01	
 9.9662e+01	
 9.9715e+01	
 9.9599e+01	
 9.9620e+01	
 9.9567e+01	
 9.9599e+01	
 9.9652e+01	
 9.9641e+01	
 9.9630e+01	
 9.9588e+01	
 9.9620e+01	
 9.9641e+01	
 9.9578e+01	
 9.9652e+01	
 9.9662e+01	
 9.9757e+01	
 9.9535e+01	
 9.9609e+01	
 9.9673e+01	
 9.9662e+01	
 9.9578e+01	
 9.9641e+01	
 9.9567e+01	
 9.9726e+01	
 9.9578e+01	
