 5.6693e+00	
 2.1083e+01	
 3.2580e+01	
 4.3169e+01	
 5.2755e+01	
 5.7876e+01	
 6.2532e+01	
 6.6311e+01	
 6.9901e+01	
 7.4261e+01	
 7.7048e+01	
 7.9783e+01	
 8.1144e+01	
 8.2390e+01	
 8.5325e+01	
 8.7278e+01	
 8.8440e+01	
 8.9707e+01	
 9.0731e+01	
 9.2272e+01	
 9.3423e+01	
 9.3708e+01	
 9.4489e+01	
 9.5344e+01	
 9.6242e+01	
 9.6368e+01	
 9.6949e+01	
 9.6864e+01	
 9.7371e+01	
 9.7561e+01	
 9.8269e+01	
 9.8184e+01	
 9.8416e+01	
 9.8680e+01	
 9.8891e+01	
 9.9050e+01	
 9.9219e+01	
 9.8976e+01	
 9.9103e+01	
 9.9272e+01	
 9.9409e+01	
 9.9451e+01	
 9.9472e+01	
 9.9609e+01	
