% mean class accuracy (train set)	
 1.4041e+01	
 3.7722e+01	
 5.0771e+01	
 5.8995e+01	
 6.5446e+01	
 7.0481e+01	
 7.3902e+01	
 7.6974e+01	
 7.8262e+01	
 8.1651e+01	
 8.3900e+01	
 8.5674e+01	
 8.7025e+01	
 8.8366e+01	
 8.9379e+01	
 9.0868e+01	
 9.1755e+01	
 9.2325e+01	
 9.2853e+01	
 9.3465e+01	
 9.4236e+01	
 9.4827e+01	
 9.5059e+01	
 9.5439e+01	
 9.5671e+01	
 9.6368e+01	
 9.6664e+01	
 9.6780e+01	
 9.7118e+01	
 9.7086e+01	
 9.7572e+01	
 9.7551e+01	
 9.7625e+01	
 9.7730e+01	
 9.8290e+01	
 9.8079e+01	
 9.8079e+01	
 9.8427e+01	
 9.8237e+01	
 9.8385e+01	
 9.8585e+01	
 9.8680e+01	
 9.8606e+01	
 9.8701e+01	
 9.8891e+01	
 9.8870e+01	
 9.8997e+01	
 9.8965e+01	
 9.8891e+01	
 9.8976e+01	
 9.9071e+01	
 9.9208e+01	
 9.9229e+01	
 9.9345e+01	
 9.9303e+01	
 9.9430e+01	
 9.9166e+01	
 9.9409e+01	
 9.9282e+01	
 9.9293e+01	
 9.9356e+01	
 9.9398e+01	
 9.9261e+01	
 9.9525e+01	
 9.9440e+01	
 9.9504e+01	
 9.9504e+01	
 9.9578e+01	
 9.9546e+01	
 9.9440e+01	
 9.9472e+01	
 9.9535e+01	
 9.9535e+01	
 9.9504e+01	
 9.9652e+01	
 9.9609e+01	
 9.9694e+01	
 9.9451e+01	
 9.9514e+01	
 9.9567e+01	
 9.9514e+01	
 9.9757e+01	
 9.9578e+01	
 9.9673e+01	
 9.9641e+01	
 9.9736e+01	
 9.9662e+01	
 9.9747e+01	
 9.9620e+01	
 9.9694e+01	
 9.9588e+01	
 9.9620e+01	
 9.9726e+01	
 9.9641e+01	
 9.9472e+01	
 9.9704e+01	
