 2.2065e+00	
 4.6558e+00	
 8.5093e+00	
 1.2405e+01	
 1.6924e+01	
 2.1917e+01	
 2.5116e+01	
 2.8621e+01	
 3.1039e+01	
 3.3214e+01	
 3.5135e+01	
 3.6666e+01	
 3.8714e+01	
 3.9907e+01	
 4.1417e+01	
 4.3264e+01	
 4.4130e+01	
 4.4816e+01	
 4.6727e+01	
 4.7635e+01	
 4.9113e+01	
 5.0718e+01	
 5.2122e+01	
 5.3611e+01	
 5.3906e+01	
 5.5236e+01	
 5.6609e+01	
 5.7401e+01	
 5.8900e+01	
 5.9238e+01	
 6.0642e+01	
 6.1508e+01	
 6.2658e+01	
 6.2943e+01	
 6.3883e+01	
 6.4052e+01	
 6.5171e+01	
 6.5498e+01	
 6.6417e+01	
 6.6712e+01	
 6.7800e+01	
 6.8064e+01	
 6.8782e+01	
 6.9130e+01	
 6.9785e+01	
 7.0038e+01	
 7.0861e+01	
 7.1052e+01	
 7.1231e+01	
 7.1315e+01	
 7.2139e+01	
 7.2086e+01	
 7.2952e+01	
 7.2920e+01	
 7.3110e+01	
 7.3480e+01	
 7.3416e+01	
 7.3649e+01	
 7.3839e+01	
 7.4303e+01	
 7.3976e+01	
 7.4578e+01	
 7.5517e+01	
 7.4757e+01	
 7.5602e+01	
 7.5697e+01	
 7.5718e+01	
 7.5802e+01	
 7.6267e+01	
 7.5802e+01	
 7.6679e+01	
 7.6499e+01	
 7.6499e+01	
 7.6731e+01	
 7.7270e+01	
 7.7164e+01	
 7.7312e+01	
 7.7608e+01	
 7.7534e+01	
 7.8252e+01	
 7.8041e+01	
 7.8431e+01	
 7.8347e+01	
 7.8421e+01	
 7.8526e+01	
 7.8663e+01	
 7.8685e+01	
 7.9043e+01	
 7.9043e+01	
 7.9434e+01	
 7.9202e+01	
 7.9455e+01	
 7.9096e+01	
 7.9529e+01	
 8.0025e+01	
 8.0374e+01	
 7.9645e+01	
 8.0057e+01	
 8.0289e+01	
 8.0479e+01	
 8.0332e+01	
 8.0321e+01	
 8.0659e+01	
 8.1166e+01	
 8.1229e+01	
 8.1018e+01	
 8.0807e+01	
 8.1313e+01	
 8.1535e+01	
 8.1841e+01	
 8.1630e+01	
 8.1725e+01	
 8.1936e+01	
 8.1514e+01	
 8.2211e+01	
 8.2063e+01	
 8.2021e+01	
 8.2422e+01	
 8.2559e+01	
 8.2042e+01	
 8.2496e+01	
 8.2179e+01	
 8.2348e+01	
 8.2644e+01	
 8.2549e+01	
 8.2960e+01	
 8.2781e+01	
 8.3171e+01	
 8.2770e+01	
 8.2939e+01	
 8.3108e+01	
 8.2855e+01	
 8.3150e+01	
 8.3414e+01	
 8.3657e+01	
 8.3879e+01	
 8.3710e+01	
 8.3319e+01	
 8.3668e+01	
 8.3879e+01	
 8.4048e+01	
 8.3995e+01	
 8.4185e+01	
 8.3953e+01	
 8.3889e+01	
 8.4649e+01	
 8.4153e+01	
 8.4470e+01	
 8.4449e+01	
 8.4364e+01	
 8.4639e+01	
 8.4259e+01	
 8.4502e+01	
 8.4470e+01	
 8.5325e+01	
 8.4628e+01	
 8.4818e+01	
 8.4892e+01	
 8.5082e+01	
 8.5125e+01	
 8.5019e+01	
 8.5473e+01	
 8.5431e+01	
 8.5008e+01	
 8.5241e+01	
 8.5357e+01	
 8.5916e+01	
 8.5652e+01	
 8.5948e+01	
 8.5938e+01	
 8.5885e+01	
 8.5674e+01	
 8.5747e+01	
 8.5948e+01	
 8.5283e+01	
 8.5747e+01	
 8.6001e+01	
 8.5758e+01	
 8.6455e+01	
 8.5705e+01	
 8.5800e+01	
 8.6476e+01	
 8.6434e+01	
 8.6286e+01	
 8.6265e+01	
 8.6391e+01	
 8.6772e+01	
 8.6265e+01	
 8.6349e+01	
 8.7014e+01	
 8.6793e+01	
 8.6909e+01	
 8.6962e+01	
 8.7088e+01	
 8.7183e+01	
 8.7046e+01	
 8.7226e+01	
 8.6835e+01	
 8.6772e+01	
 8.7004e+01	
 8.7120e+01	
 8.7363e+01	
 8.7511e+01	
 8.7352e+01	
 8.7194e+01	
 8.7489e+01	
 8.7289e+01	
 8.7595e+01	
 8.7004e+01	
 8.7458e+01	
 8.7922e+01	
 8.7901e+01	
 8.7500e+01	
 8.7669e+01	
 8.7880e+01	
 8.7722e+01	
 8.7363e+01	
 8.7922e+01	
 8.8133e+01	
 8.8397e+01	
 8.7500e+01	
 8.8281e+01	
 8.8440e+01	
 8.8440e+01	
 8.8566e+01	
 8.8355e+01	
 8.8492e+01	
 8.8450e+01	
 8.8302e+01	
 8.7975e+01	
 8.8661e+01	
 8.8387e+01	
 8.8397e+01	
 8.8429e+01	
 8.8577e+01	
 8.8788e+01	
 8.8566e+01	
 8.8355e+01	
 8.8967e+01	
 8.8925e+01	
 8.8915e+01	
 8.8735e+01	
 8.8756e+01	
 8.9179e+01	
 8.9105e+01	
 8.8777e+01	
 8.9453e+01	
 8.9041e+01	
 8.9295e+01	
 8.8725e+01	
 8.9221e+01	
 8.9274e+01	
 8.9305e+01	
 8.8777e+01	
 8.9421e+01	
 8.9168e+01	
 8.9654e+01	
 8.9168e+01	
 8.9559e+01	
 8.9369e+01	
 8.9633e+01	
 8.9242e+01	
 8.9569e+01	
 8.9495e+01	
 8.9759e+01	
 8.9960e+01	
 8.9400e+01	
 9.0002e+01	
 8.9495e+01	
 8.9168e+01	
 8.9685e+01	
 8.9759e+01	
 8.9622e+01	
 8.9675e+01	
 8.9981e+01	
 9.0023e+01	
 8.9992e+01	
 9.0087e+01	
 9.0224e+01	
 9.0150e+01	
 9.0118e+01	
 9.0467e+01	
 9.0245e+01	
 9.0139e+01	
 9.0139e+01	
 9.0403e+01	
 9.0509e+01	
 9.0129e+01	
 9.0488e+01	
 9.0245e+01	
 9.0604e+01	
 9.0456e+01	
 9.0160e+01	
 9.0488e+01	
 9.0794e+01	
 9.0298e+01	
 9.0287e+01	
 9.0488e+01	
 9.0171e+01	
 9.0129e+01	
 9.0752e+01	
 9.0741e+01	
 9.0931e+01	
 9.0625e+01	
 9.0752e+01	
 9.0646e+01	
 9.0752e+01	
 9.0973e+01	
 9.0963e+01	
 9.1311e+01	
 9.1058e+01	
 9.0688e+01	
 9.0931e+01	
 9.1090e+01	
 9.1132e+01	
 9.0868e+01	
 9.0899e+01	
 9.0973e+01	
 9.0963e+01	
 9.1079e+01	
 9.0952e+01	
 9.1269e+01	
 9.1258e+01	
 9.1501e+01	
 9.0963e+01	
 9.1163e+01	
 9.1079e+01	
 9.1026e+01	
 9.1543e+01	
 9.1522e+01	
 9.1639e+01	
 9.1755e+01	
 9.1375e+01	
 9.1522e+01	
 9.1058e+01	
 9.1565e+01	
 9.1554e+01	
 9.1512e+01	
 9.1860e+01	
 9.1406e+01	
 9.1723e+01	
 9.1385e+01	
 9.1871e+01	
 9.1543e+01	
 9.1639e+01	
 9.1765e+01	
 9.1554e+01	
 9.1617e+01	
 9.1491e+01	
 9.1522e+01	
 9.1755e+01	
 9.1522e+01	
 9.2156e+01	
 9.1670e+01	
 9.2071e+01	
 9.1670e+01	
 9.1829e+01	
 9.1902e+01	
 9.1681e+01	
 9.1670e+01	
 9.2209e+01	
 9.2399e+01	
 9.1639e+01	
 9.1924e+01	
 9.1776e+01	
 9.2092e+01	
 9.2335e+01	
 9.1892e+01	
 9.1892e+01	
 9.2620e+01	
 9.2462e+01	
 9.2378e+01	
 9.2272e+01	
 9.2029e+01	
 9.2156e+01	
 9.1881e+01	
 9.2293e+01	
 9.2177e+01	
 9.2546e+01	
 9.2726e+01	
 9.2726e+01	
 9.2462e+01	
 9.2568e+01	
 9.2356e+01	
 9.2462e+01	
 9.2705e+01	
 9.2114e+01	
 9.2546e+01	
 9.2789e+01	
 9.2694e+01	
 9.2557e+01	
 9.2494e+01	
 9.2568e+01	
 9.2504e+01	
 9.3011e+01	
