 1.3260e+01	
 3.5283e+01	
 5.1816e+01	
 6.0969e+01	
 6.7779e+01	
 7.1579e+01	
 7.3321e+01	
 7.5370e+01	
 7.8273e+01	
 7.9825e+01	
 8.1451e+01	
 8.2601e+01	
 8.3689e+01	
 8.4291e+01	
 8.6370e+01	
 8.7046e+01	
 8.8408e+01	
 8.8566e+01	
 8.9601e+01	
 9.0203e+01	
 9.1016e+01	
 9.0995e+01	
 9.1607e+01	
 9.1829e+01	
 9.2388e+01	
 9.2842e+01	
 9.3127e+01	
 9.3444e+01	
 9.3940e+01	
 9.4415e+01	
 9.4911e+01	
 9.5365e+01	
 9.5186e+01	
 9.5122e+01	
 9.5513e+01	
 9.5724e+01	
 9.5671e+01	
 9.6073e+01	
 9.6062e+01	
 9.6252e+01	
 9.6453e+01	
 9.6907e+01	
 9.6696e+01	
 9.6601e+01	
 9.6801e+01	
 9.6917e+01	
 9.6833e+01	
 9.7044e+01	
 9.7276e+01	
 9.7266e+01	
 9.7371e+01	
 9.7255e+01	
 9.7435e+01	
 9.7625e+01	
 9.7709e+01	
 9.7751e+01	
 9.7582e+01	
 9.7994e+01	
 9.7889e+01	
 9.8026e+01	
 9.8079e+01	
 9.8079e+01	
 9.7878e+01	
 9.8026e+01	
 9.8089e+01	
 9.8131e+01	
 9.8174e+01	
 9.8110e+01	
 9.8121e+01	
 9.8290e+01	
 9.8374e+01	
 9.8100e+01	
 9.8269e+01	
 9.8237e+01	
 9.8342e+01	
 9.8089e+01	
 9.8279e+01	
 9.8533e+01	
 9.8406e+01	
 9.8438e+01	
 9.8364e+01	
 9.8300e+01	
 9.8395e+01	
 9.8300e+01	
 9.8385e+01	
 9.8480e+01	
 9.8469e+01	
 9.8490e+01	
 9.8480e+01	
 9.8448e+01	
 9.8448e+01	
 9.8554e+01	
 9.8490e+01	
 9.8564e+01	
 9.8575e+01	
 9.8575e+01	
 9.8744e+01	
 9.8839e+01	
 9.8469e+01	
 9.8543e+01	
 9.8342e+01	
 9.8723e+01	
 9.8575e+01	
 9.8638e+01	
 9.8438e+01	
 9.8575e+01	
 9.8659e+01	
 9.8670e+01	
 9.8680e+01	
 9.8765e+01	
 9.8585e+01	
 9.8691e+01	
 9.8691e+01	
 9.8680e+01	
 9.8596e+01	
 9.8680e+01	
 9.8670e+01	
 9.8522e+01	
 9.8649e+01	
 9.8670e+01	
 9.8723e+01	
 9.8744e+01	
 9.8691e+01	
