 2.2804e+00	
 7.9075e+00	
 1.4844e+01	
 2.1041e+01	
 2.9571e+01	
 3.3478e+01	
 3.6888e+01	
 4.1206e+01	
 4.3845e+01	
 4.6632e+01	
 4.8543e+01	
 5.0918e+01	
 5.2755e+01	
 5.4096e+01	
 5.6968e+01	
 5.8351e+01	
 5.8340e+01	
 5.9597e+01	
 6.0832e+01	
 6.2067e+01	
 6.2194e+01	
 6.3524e+01	
 6.3915e+01	
 6.4770e+01	
 6.5456e+01	
 6.6079e+01	
 6.7673e+01	
 6.7473e+01	
 6.8676e+01	
 6.9647e+01	
 6.9996e+01	
 7.0471e+01	
 7.1115e+01	
 7.1410e+01	
 7.1685e+01	
 7.2667e+01	
 7.2656e+01	
 7.2413e+01	
 7.3554e+01	
 7.3416e+01	
 7.4187e+01	
 7.4039e+01	
 7.5116e+01	
 7.4937e+01	
 7.5074e+01	
 7.5084e+01	
 7.5644e+01	
 7.5095e+01	
 7.6035e+01	
 7.7133e+01	
 7.6890e+01	
 7.7207e+01	
 7.7344e+01	
 7.7724e+01	
 7.6985e+01	
 7.7080e+01	
 7.7893e+01	
 7.7755e+01	
 7.7492e+01	
 7.8442e+01	
 7.8093e+01	
 7.7787e+01	
 7.8273e+01	
 7.8579e+01	
 7.8220e+01	
 7.8495e+01	
 7.8948e+01	
 7.8991e+01	
 7.8864e+01	
 7.9381e+01	
 7.8748e+01	
 7.9022e+01	
 7.9001e+01	
 7.9212e+01	
 7.9012e+01	
 7.9983e+01	
 7.9276e+01	
 7.9983e+01	
 7.9550e+01	
 8.0152e+01	
 7.9255e+01	
 7.9550e+01	
 7.9445e+01	
 7.9740e+01	
 8.0025e+01	
 8.0110e+01	
 7.9920e+01	
 8.0173e+01	
 8.0110e+01	
 8.0490e+01	
 7.9645e+01	
 7.9951e+01	
 7.9983e+01	
 8.0268e+01	
 8.0332e+01	
 8.0648e+01	
 8.0332e+01	
 8.0648e+01	
 8.0363e+01	
 8.0141e+01	
 8.0775e+01	
 7.9909e+01	
 8.0152e+01	
 8.0574e+01	
 8.0722e+01	
 8.0817e+01	
 8.0775e+01	
 7.9878e+01	
 8.1092e+01	
 8.0532e+01	
 8.1535e+01	
 8.0141e+01	
 8.0764e+01	
 8.0300e+01	
 8.0627e+01	
 8.0891e+01	
 8.0733e+01	
 8.0427e+01	
 8.0648e+01	
 8.0427e+01	
 8.0405e+01	
 8.0511e+01	
 8.0236e+01	
 8.0395e+01	
 8.0606e+01	
 8.0838e+01	
 8.0712e+01	
 8.0036e+01	
 8.0722e+01	
 8.0205e+01	
 8.0258e+01	
 8.0448e+01	
 8.0543e+01	
 8.0332e+01	
 8.1239e+01	
 8.1081e+01	
