 2.4177e+00	
 5.8383e+00	
 9.8818e+00	
 1.4633e+01	
 2.0566e+01	
 2.5021e+01	
 2.9318e+01	
 3.2285e+01	
 3.6708e+01	
 3.9411e+01	
 4.2652e+01	
 4.4764e+01	
 4.8142e+01	
 4.9567e+01	
 5.1204e+01	
 5.2713e+01	
 5.4149e+01	
 5.4951e+01	
 5.6440e+01	
 5.7306e+01	
 5.8214e+01	
 5.9132e+01	
 5.9787e+01	
 6.0462e+01	
 6.1655e+01	
 6.2099e+01	
 6.2711e+01	
 6.3609e+01	
 6.3904e+01	
 6.4696e+01	
 6.5266e+01	
 6.5794e+01	
 6.6163e+01	
 6.6702e+01	
 6.6839e+01	
 6.7261e+01	
 6.7694e+01	
 6.8317e+01	
 6.8138e+01	
 6.9098e+01	
 6.9468e+01	
 6.9436e+01	
 7.0408e+01	
 7.0492e+01	
 7.0408e+01	
 7.1273e+01	
 7.1875e+01	
 7.1030e+01	
 7.2245e+01	
 7.1632e+01	
 7.2118e+01	
 7.2223e+01	
 7.3026e+01	
 7.2846e+01	
 7.3754e+01	
 7.3765e+01	
 7.3554e+01	
 7.3891e+01	
 7.4926e+01	
 7.5053e+01	
 7.4989e+01	
 7.5243e+01	
 7.5433e+01	
 7.6214e+01	
 7.6161e+01	
 7.5992e+01	
 7.6584e+01	
 7.6246e+01	
 7.6594e+01	
 7.6816e+01	
 7.7333e+01	
 7.7027e+01	
 7.7513e+01	
 7.7555e+01	
 7.8273e+01	
 7.8104e+01	
 7.8758e+01	
 7.8463e+01	
 7.8927e+01	
 7.9149e+01	
 7.9054e+01	
 7.9339e+01	
 7.9761e+01	
 7.9128e+01	
 7.9571e+01	
 7.9740e+01	
 8.0310e+01	
 8.0310e+01	
 7.9951e+01	
 8.0754e+01	
 8.0141e+01	
 8.0764e+01	
 8.0690e+01	
 8.0849e+01	
 8.1429e+01	
 8.1429e+01	
 8.1092e+01	
 8.1482e+01	
 8.1398e+01	
 8.1820e+01	
 8.1968e+01	
 8.2052e+01	
 8.3034e+01	
 8.2496e+01	
 8.2274e+01	
 8.2855e+01	
 8.2633e+01	
 8.2559e+01	
 8.2580e+01	
 8.2675e+01	
 8.3235e+01	
 8.3235e+01	
 8.3657e+01	
 8.3720e+01	
 8.3509e+01	
 8.4037e+01	
 8.3837e+01	
 8.4111e+01	
 8.4280e+01	
 8.4227e+01	
 8.4259e+01	
 8.4702e+01	
 8.3984e+01	
 8.4618e+01	
 8.4132e+01	
 8.4449e+01	
 8.5008e+01	
 8.4702e+01	
 8.5209e+01	
 8.5283e+01	
 8.5484e+01	
 8.5515e+01	
 8.4639e+01	
 8.5716e+01	
 8.5821e+01	
 8.5188e+01	
 8.5938e+01	
 8.5779e+01	
 8.6128e+01	
 8.6423e+01	
 8.6370e+01	
 8.6201e+01	
 8.6254e+01	
 8.6402e+01	
 8.6075e+01	
 8.6465e+01	
 8.6518e+01	
 8.6423e+01	
 8.6592e+01	
 8.6729e+01	
 8.6750e+01	
 8.6486e+01	
 8.6867e+01	
 8.6835e+01	
 8.6772e+01	
 8.6972e+01	
 8.7204e+01	
 8.6708e+01	
 8.7278e+01	
 8.7088e+01	
 8.7268e+01	
 8.6993e+01	
 8.7384e+01	
 8.7891e+01	
 8.7817e+01	
 8.7342e+01	
 8.7848e+01	
 8.7669e+01	
 8.7701e+01	
 8.7859e+01	
 8.8112e+01	
 8.7986e+01	
 8.7701e+01	
 8.8197e+01	
 8.8345e+01	
 8.8714e+01	
 8.8028e+01	
 8.8366e+01	
 8.8556e+01	
 8.8271e+01	
 8.8883e+01	
 8.8524e+01	
 8.8609e+01	
 8.8809e+01	
 8.8693e+01	
 8.8450e+01	
 8.8376e+01	
 8.8408e+01	
 8.8999e+01	
 8.9179e+01	
 8.9126e+01	
 8.9295e+01	
 8.8820e+01	
 8.9305e+01	
 8.9084e+01	
 8.9728e+01	
 8.8999e+01	
 8.8999e+01	
 8.9611e+01	
 8.9654e+01	
 8.9516e+01	
 8.9390e+01	
 8.9179e+01	
 8.9770e+01	
 8.9305e+01	
 8.9664e+01	
 8.9833e+01	
 9.0065e+01	
 9.0013e+01	
 8.9611e+01	
 8.9685e+01	
 8.9865e+01	
 8.9960e+01	
 9.0192e+01	
 9.0023e+01	
 9.0255e+01	
 9.0372e+01	
 9.0255e+01	
 9.0087e+01	
 9.0044e+01	
 9.0456e+01	
 9.0203e+01	
 9.0224e+01	
 9.0108e+01	
 9.0625e+01	
 9.0108e+01	
 9.0572e+01	
 9.0762e+01	
 9.0826e+01	
 9.0583e+01	
 9.0762e+01	
 9.0604e+01	
 9.0277e+01	
 9.0741e+01	
 9.1058e+01	
 9.0783e+01	
 9.0963e+01	
 9.0921e+01	
 9.1311e+01	
 9.1227e+01	
 9.0942e+01	
 9.0921e+01	
 9.0794e+01	
 9.1311e+01	
 9.1068e+01	
 9.0952e+01	
 9.1343e+01	
 9.1016e+01	
 9.0921e+01	
 9.1512e+01	
 9.1480e+01	
 9.0614e+01	
 9.1343e+01	
 9.1163e+01	
 9.1258e+01	
 9.1470e+01	
 9.1554e+01	
 9.1522e+01	
 9.1406e+01	
 9.1691e+01	
 9.1322e+01	
 9.2050e+01	
 9.1280e+01	
 9.1258e+01	
 9.1976e+01	
 9.1702e+01	
 9.2283e+01	
 9.1417e+01	
 9.1607e+01	
 9.1755e+01	
 9.1501e+01	
 9.1945e+01	
 9.1860e+01	
 9.1892e+01	
 9.1723e+01	
 9.1892e+01	
 9.1997e+01	
 9.2135e+01	
 9.2430e+01	
 9.2483e+01	
 9.2272e+01	
 9.2272e+01	
 9.1691e+01	
 9.2061e+01	
 9.1924e+01	
 9.2304e+01	
 9.2504e+01	
 9.2399e+01	
 9.2599e+01	
 9.2620e+01	
 9.2304e+01	
 9.2504e+01	
 9.1744e+01	
 9.2367e+01	
 9.2546e+01	
 9.2304e+01	
 9.2641e+01	
 9.2441e+01	
 9.2789e+01	
 9.2409e+01	
 9.2705e+01	
 9.2251e+01	
 9.2641e+01	
 9.2832e+01	
 9.2990e+01	
 9.2346e+01	
 9.2610e+01	
 9.2420e+01	
 9.2990e+01	
 9.2789e+01	
 9.2927e+01	
 9.2779e+01	
 9.3095e+01	
 9.2557e+01	
 9.2958e+01	
 9.3011e+01	
 9.2673e+01	
 9.2747e+01	
 9.2853e+01	
 9.2863e+01	
 9.3117e+01	
 9.2684e+01	
 9.3095e+01	
 9.3254e+01	
 9.2927e+01	
 9.3328e+01	
 9.2969e+01	
 9.3053e+01	
 9.3148e+01	
 9.2895e+01	
 9.3328e+01	
 9.3423e+01	
 9.3032e+01	
 9.3074e+01	
 9.3127e+01	
 9.3275e+01	
 9.3254e+01	
 9.2969e+01	
 9.3095e+01	
 9.3602e+01	
 9.2736e+01	
 9.3138e+01	
 9.3307e+01	
 9.3423e+01	
 9.3644e+01	
 9.3539e+01	
 9.3328e+01	
 9.3549e+01	
 9.3127e+01	
 9.3138e+01	
 9.3074e+01	
 9.3212e+01	
 9.3613e+01	
 9.3792e+01	
 9.3697e+01	
 9.3539e+01	
 9.3497e+01	
 9.3782e+01	
 9.3528e+01	
 9.4035e+01	
 9.3623e+01	
 9.3771e+01	
 9.3697e+01	
 9.3919e+01	
 9.3887e+01	
 9.3454e+01	
 9.3792e+01	
 9.3803e+01	
 9.3739e+01	
 9.3856e+01	
 9.3634e+01	
 9.3993e+01	
 9.3528e+01	
 9.4130e+01	
 9.4046e+01	
 9.3856e+01	
 9.4046e+01	
 9.3697e+01	
 9.3898e+01	
 9.3982e+01	
 9.4088e+01	
 9.3898e+01	
 9.4024e+01	
 9.3856e+01	
 9.3623e+01	
 9.4035e+01	
 9.4077e+01	
 9.4067e+01	
 9.4024e+01	
 9.4003e+01	
 9.4151e+01	
 9.3961e+01	
 9.4225e+01	
 9.4024e+01	
 9.4172e+01	
 9.4236e+01	
 9.4183e+01	
 9.3951e+01	
 9.4024e+01	
 9.4521e+01	
